2021-09-02 20:52:55,446 INFO org.springframework.boot.StartupInfoLogger [main] Starting GatewayApplication using Java 1.8.0_211 on tangpgnoMBP with PID 19516 (/Users/tangpg/hakaseimae/mbs-platform/gateway/target/classes started by tangpg in /Users/tangpg/hakaseimae/mbs-platform/gateway)
2021-09-02 20:52:55,449 INFO org.springframework.boot.SpringApplication [main] No active profile set, falling back to default profiles: default
2021-09-02 20:52:56,813 INFO org.springframework.boot.web.embedded.tomcat.TomcatWebServer [main] Tomcat initialized with port(s): 8090 (http)
2021-09-02 20:52:56,826 INFO org.apache.juli.logging.DirectJDKLog [main] Initializing ProtocolHandler ["http-nio-8090"]
2021-09-02 20:52:56,827 INFO org.apache.juli.logging.DirectJDKLog [main] Starting service [Tomcat]
2021-09-02 20:52:56,827 INFO org.apache.juli.logging.DirectJDKLog [main] Starting Servlet engine: [Apache Tomcat/9.0.52]
2021-09-02 20:52:56,922 INFO org.apache.juli.logging.DirectJDKLog [main] Initializing Spring embedded WebApplicationContext
2021-09-02 20:52:56,922 INFO org.springframework.boot.web.servlet.context.ServletWebServerApplicationContext [main] Root WebApplicationContext: initialization completed in 1381 ms
2021-09-02 20:52:57,310 INFO org.apache.juli.logging.DirectJDKLog [main] Starting ProtocolHandler ["http-nio-8090"]
2021-09-02 20:52:57,346 INFO org.springframework.boot.web.embedded.tomcat.TomcatWebServer [main] Tomcat started on port(s): 8090 (http) with context path ''
2021-09-02 20:52:57,359 INFO org.springframework.boot.StartupInfoLogger [main] Started GatewayApplication in 2.604 seconds (JVM running for 3.267)
2021-09-02 20:53:23,227 INFO org.apache.juli.logging.DirectJDKLog [http-nio-8090-exec-1] Initializing Spring DispatcherServlet 'dispatcherServlet'
2021-09-02 20:53:23,228 INFO org.springframework.web.servlet.FrameworkServlet [http-nio-8090-exec-1] Initializing Servlet 'dispatcherServlet'
2021-09-02 20:53:23,230 INFO org.springframework.web.servlet.FrameworkServlet [http-nio-8090-exec-1] Completed initialization in 1 ms
2021-09-02 20:54:07,077 INFO com.ycu.tang.msbplatform.gateway.GatewayController [http-nio-8090-exec-6] hello world
2021-09-02 20:56:11,691 INFO org.springframework.boot.StartupInfoLogger [main] Starting GatewayApplication using Java 1.8.0_211 on tangpgnoMBP with PID 19683 (/Users/tangpg/hakaseimae/mbs-platform/gateway/target/classes started by tangpg in /Users/tangpg/hakaseimae/mbs-platform/gateway)
2021-09-02 20:56:11,694 INFO org.springframework.boot.SpringApplication [main] No active profile set, falling back to default profiles: default
2021-09-02 20:56:13,013 INFO org.springframework.boot.web.embedded.tomcat.TomcatWebServer [main] Tomcat initialized with port(s): 8090 (http)
2021-09-02 20:56:13,030 INFO org.apache.juli.logging.DirectJDKLog [main] Initializing ProtocolHandler ["http-nio-8090"]
2021-09-02 20:56:13,030 INFO org.apache.juli.logging.DirectJDKLog [main] Starting service [Tomcat]
2021-09-02 20:56:13,031 INFO org.apache.juli.logging.DirectJDKLog [main] Starting Servlet engine: [Apache Tomcat/9.0.52]
2021-09-02 20:56:13,151 INFO org.apache.juli.logging.DirectJDKLog [main] Initializing Spring embedded WebApplicationContext
2021-09-02 20:56:13,151 INFO org.springframework.boot.web.servlet.context.ServletWebServerApplicationContext [main] Root WebApplicationContext: initialization completed in 1383 ms
2021-09-02 20:56:13,589 INFO org.apache.juli.logging.DirectJDKLog [main] Starting ProtocolHandler ["http-nio-8090"]
2021-09-02 20:56:13,623 INFO org.springframework.boot.web.embedded.tomcat.TomcatWebServer [main] Tomcat started on port(s): 8090 (http) with context path '/msb-platform-gateway'
2021-09-02 20:56:13,639 INFO org.springframework.boot.StartupInfoLogger [main] Started GatewayApplication in 2.61 seconds (JVM running for 3.204)
2021-09-02 20:56:36,119 INFO org.apache.juli.logging.DirectJDKLog [http-nio-8090-exec-2] Initializing Spring DispatcherServlet 'dispatcherServlet'
2021-09-02 20:56:36,124 INFO org.springframework.web.servlet.FrameworkServlet [http-nio-8090-exec-2] Initializing Servlet 'dispatcherServlet'
2021-09-02 20:56:36,127 INFO org.springframework.web.servlet.FrameworkServlet [http-nio-8090-exec-2] Completed initialization in 2 ms
2021-09-02 20:56:36,166 INFO com.ycu.tang.msbplatform.gateway.GatewayController [http-nio-8090-exec-2] hello world
